<?xml version="1.0" encoding="UTF-8"?>
<!-- Generated by org.testng.reporters.JUnitXMLReporter -->
<testsuite ignored="0" hostname="TWINSSTAR-DELL012024" failures="2" tests="31" name="Test" time="106.265" errors="0" timestamp="2025-10-31T13:43:40 IST">
  <testcase classname="testScripts.Counter_01" name="verifyCounterButtonClickable" time="0.903"/>
  <testcase classname="testScripts.Counter_01" name="verifyIncrementButton" time="1.957"/>
  <testcase classname="testScripts.Counter_01" name="verifyDecrementButton" time="1.261">
    <failure type="java.lang.AssertionError" message="Counter value did not decrease. expected [true] but found [false]">
      <![CDATA[java.lang.AssertionError: Counter value did not decrease. expected [true] but found [false]
at testScripts.Counter_01.verifyDecrementButton(Counter_01.java:58)
at java.base/java.util.ArrayList.forEach(ArrayList.java:1596)
... Removed 28 stack frames]]>
    </failure>
  </testcase> <!-- verifyDecrementButton -->
  <testcase classname="testScripts.Counter_01" name="verifyResetButton" time="0.737"/>
  <testcase classname="testScripts.Counter_01" name="Back" time="11.439"/>
  <testcase classname="testScripts.ECHO_Message" name="echo_Message_btn" time="2.564"/>
  <testcase classname="testScripts.ECHO_Message" name="TestBoxValidation" time="5.158"/>
  <testcase classname="testScripts.ECHO_Message" name="Back" time="0.883"/>
  <testcase classname="testScripts.Language_03" name="RadioBtn" time="3.017"/>
  <testcase classname="testScripts.Language_03" name="Language_Count" time="0.254"/>
  <testcase classname="testScripts.Language_03" name="Withoutsel_language" time="1.09"/>
  <testcase classname="testScripts.Language_03" name="choose_Lag_Java" time="2.759"/>
  <testcase classname="testScripts.Language_03" name="choose_Lag_C_CPlus" time="2.86"/>
  <testcase classname="testScripts.Language_03" name="choose_Lag_CSharp" time="2.144"/>
  <testcase classname="testScripts.Language_03" name="choose_Lag_C_JavaScript" time="2.948"/>
  <testcase classname="testScripts.Language_03" name="Back" time="10.689"/>
  <testcase classname="testScripts.Alert" name="handleNativeAlert" time="2.5"/>
  <testcase classname="testScripts.Scale_Image_07" name="Image_Deduction" time="2.027"/>
  <testcase classname="testScripts.Scale_Image_07" name="CaptureImage" time="0.11"/>
  <testcase classname="testScripts.Scale_Image_07" name="Back" time="0.652"/>
  <testcase classname="testScripts.Gesture_SDemo" name="singleTap" time="3.154"/>
  <testcase classname="testScripts.Gesture_SDemo" name="doubleTap" time="1.818"/>
  <testcase classname="testScripts.Gesture_SDemo" name="longTap" time="2.992"/>
  <testcase classname="testScripts.Gesture_SDemo" name="dragAndDrop" time="2.417"/>
  <testcase classname="testScripts.Gesture_SDemo" name="navigateBack" time="0.001"/>
  <testcase classname="testScripts.Gesture_SDemo" name="Back" time="11.033"/>
  <testcase classname="testScripts.WebView" name="verifyGoButtonWithoutURL" time="5.234"/>
  <testcase classname="testScripts.WebView" name="verifyClearButtonWithoutURL" time="3.957"/>
  <testcase classname="testScripts.WebView" name="verifyWebNavigationFlow" time="8.589"/>
  <testcase classname="testScripts.WebView" name="navigateBack" time="0.101"/>
  <testcase classname="testScripts.Countries_List_04" name="getCountriesList" time="10.899">
    <failure type="org.openqa.selenium.NoSuchElementException" message="An element could not be located on the page using the given search parameters.
For documentation on this error, please visit: https://www.selenium.dev/documentation/webdriver/troubleshooting/errors#no-such-element-exception
Build info: version: &amp;apos;4.21.0&amp;apos;, revision: &amp;apos;79ed462ef4&amp;apos;
System info: os.name: &amp;apos;Windows 11&amp;apos;, os.arch: &amp;apos;amd64&amp;apos;, os.version: &amp;apos;10.0&amp;apos;, java.version: &amp;apos;21.0.8&amp;apos;
Driver info: io.appium.java_client.android.AndroidDriver
Command: [a28c3f1d-c4bd-4644-ba26-b0747e75389f, findElement {using=id, value=com.expandtesting.practice:id/btn_countries}]
Capabilities {appium:appActivity: com.expandtesting.practice...., appium:appPackage: com.expandtesting.practice, appium:automationName: UiAutomator2, appium:databaseEnabled: false, appium:desired: {appActivity: com.expandtesting.practice...., appPackage: com.expandtesting.practice, automationName: UiAutomator2, deviceName: vivo 1915, platformName: ANDROID, platformVersion: 12.0, udid: YHB6TOS4Q8W8PF9X}, appium:deviceApiLevel: 31, appium:deviceManufacturer: vivo, appium:deviceModel: vivo 1915, appium:deviceName: YHB6TOS4Q8W8PF9X, appium:deviceScreenDensity: 480, appium:deviceScreenSize: 1080x2340, appium:deviceUDID: YHB6TOS4Q8W8PF9X, appium:javascriptEnabled: true, appium:locationContextEnabled: false, appium:networkConnectionEnabled: true, appium:pixelRatio: 3, appium:platformVersion: 12, appium:statBarHeight: 84, appium:takesScreenshot: true, appium:udid: YHB6TOS4Q8W8PF9X, appium:viewportRect: {height: 2256, left: 0, top: 84, width: 1080}, appium:warnings: {}, appium:webStorageEnabled: false, platformName: ANDROID}
Session ID: a28c3f1d-c4bd-4644-ba26-b0747e75389f">
      <![CDATA[org.openqa.selenium.NoSuchElementException: An element could not be located on the page using the given search parameters.
For documentation on this error, please visit: https://www.selenium.dev/documentation/webdriver/troubleshooting/errors#no-such-element-exception
Build info: version: '4.21.0', revision: '79ed462ef4'
System info: os.name: 'Windows 11', os.arch: 'amd64', os.version: '10.0', java.version: '21.0.8'
Driver info: io.appium.java_client.android.AndroidDriver
Command: [a28c3f1d-c4bd-4644-ba26-b0747e75389f, findElement {using=id, value=com.expandtesting.practice:id/btn_countries}]
Capabilities {appium:appActivity: com.expandtesting.practice...., appium:appPackage: com.expandtesting.practice, appium:automationName: UiAutomator2, appium:databaseEnabled: false, appium:desired: {appActivity: com.expandtesting.practice...., appPackage: com.expandtesting.practice, automationName: UiAutomator2, deviceName: vivo 1915, platformName: ANDROID, platformVersion: 12.0, udid: YHB6TOS4Q8W8PF9X}, appium:deviceApiLevel: 31, appium:deviceManufacturer: vivo, appium:deviceModel: vivo 1915, appium:deviceName: YHB6TOS4Q8W8PF9X, appium:deviceScreenDensity: 480, appium:deviceScreenSize: 1080x2340, appium:deviceUDID: YHB6TOS4Q8W8PF9X, appium:javascriptEnabled: true, appium:locationContextEnabled: false, appium:networkConnectionEnabled: true, appium:pixelRatio: 3, appium:platformVersion: 12, appium:statBarHeight: 84, appium:takesScreenshot: true, appium:udid: YHB6TOS4Q8W8PF9X, appium:viewportRect: {height: 2256, left: 0, top: 84, width: 1080}, appium:warnings: {}, appium:webStorageEnabled: false, platformName: ANDROID}
Session ID: a28c3f1d-c4bd-4644-ba26-b0747e75389f
at org.openqa.selenium.remote.ErrorCodec.decode(ErrorCodec.java:167)
at org.openqa.selenium.remote.codec.w3c.W3CHttpResponseCodec.decode(W3CHttpResponseCodec.java:138)
at org.openqa.selenium.remote.codec.w3c.W3CHttpResponseCodec.decode(W3CHttpResponseCodec.java:50)
at org.openqa.selenium.remote.HttpCommandExecutor.execute(HttpCommandExecutor.java:190)
at io.appium.java_client.remote.AppiumCommandExecutor.execute(AppiumCommandExecutor.java:237)
at org.openqa.selenium.remote.RemoteWebDriver.execute(RemoteWebDriver.java:518)
at org.openqa.selenium.remote.ElementLocation$ElementFinder$2.findElement(ElementLocation.java:165)
at org.openqa.selenium.remote.ElementLocation.findElement(ElementLocation.java:59)
at org.openqa.selenium.remote.RemoteWebDriver.findElement(RemoteWebDriver.java:355)
at org.openqa.selenium.remote.RemoteWebDriver.findElement(RemoteWebDriver.java:349)
at testScripts.Countries_List_04.getCountriesList(Countries_List_04.java:28)
at java.base/java.util.ArrayList.forEach(ArrayList.java:1596)
... Removed 28 stack frames]]>
    </failure>
  </testcase> <!-- getCountriesList -->
</testsuite> <!-- Test -->
