<html>
<head>
<title>TestNG:  Test</title>
<link href="../testng.css" rel="stylesheet" type="text/css" />
<link href="../my-testng.css" rel="stylesheet" type="text/css" />

<style type="text/css">
.log { display: none;} 
.stack-trace { display: none;} 
</style>
<script type="text/javascript">
<!--
function flip(e) {
  current = e.style.display;
  if (current == 'block') {
    e.style.display = 'none';
    return 0;
  }
  else {
    e.style.display = 'block';
    return 1;
  }
}

function toggleBox(szDivId, elem, msg1, msg2)
{
  var res = -1;  if (document.getElementById) {
    res = flip(document.getElementById(szDivId));
  }
  else if (document.all) {
    // this is the way old msie versions work
    res = flip(document.all[szDivId]);
  }
  if(elem) {
    if(res == 0) elem.innerHTML = msg1; else elem.innerHTML = msg2;
  }

}

function toggleAllBoxes() {
  if (document.getElementsByTagName) {
    d = document.getElementsByTagName('div');
    for (i = 0; i < d.length; i++) {
      if (d[i].className == 'log') {
        flip(d[i]);
      }
    }
  }
}

// -->
</script>

</head>
<body>
<h2 align='center'>Test</h2><table border='1' align="center">
<tr>
<td>Tests passed/Failed/Skipped:</td><td>29/2/0</td>
</tr><tr>
<td>Started on:</td><td>Fri Oct 31 13:41:54 IST 2025</td>
</tr>
<tr><td>Total time:</td><td>106 seconds (106265 ms)</td>
</tr><tr>
<td>Included groups:</td><td></td>
</tr><tr>
<td>Excluded groups:</td><td></td>
</tr>
</table><p/>
<small><i>(Hover the method name to see the test class name)</i></small><p/>
<table width='100%' border='1' class='invocation-failed'>
<tr><td colspan='4' align='center'><b>FAILED TESTS</b></td></tr>
<tr><td><b>Test method</b></td>
<td><b>Attribute(s)</b></td>
<td width="30%"><b>Exception</b></td>
<td width="10%"><b>Time (seconds)</b></td>
<td><b>Instance</b></td>
</tr>
<tr>
<td title='testScripts.Countries_List_04.getCountriesList()'><b>getCountriesList</b><br>Test class: testScripts.Countries_List_04<br>Test method: Fetch all countries from the list and measure execution time.</td>
<td><div><pre>org.openqa.selenium.NoSuchElementException: An element could not be located on the page using the given search parameters.
For documentation on this error, please visit: https://www.selenium.dev/documentation/webdriver/troubleshooting/errors#no-such-element-exception
Build info: version: &apos;4.21.0&apos;, revision: &apos;79ed462ef4&apos;
System info: os.name: &apos;Windows 11&apos;, os.arch: &apos;amd64&apos;, os.version: &apos;10.0&apos;, java.version: &apos;21.0.8&apos;
Driver info: io.appium.java_client.android.AndroidDriver
Command: [a28c3f1d-c4bd-4644-ba26-b0747e75389f, findElement {using=id, value=com.expandtesting.practice:id/btn_countries}]
Capabilities {appium:appActivity: com.expandtesting.practice...., appium:appPackage: com.expandtesting.practice, appium:automationName: UiAutomator2, appium:databaseEnabled: false, appium:desired: {appActivity: com.expandtesting.practice...., appPackage: com.expandtesting.practice, automationName: UiAutomator2, deviceName: vivo 1915, platformName: ANDROID, platformVersion: 12.0, udid: YHB6TOS4Q8W8PF9X}, appium:deviceApiLevel: 31, appium:deviceManufacturer: vivo, appium:deviceModel: vivo 1915, appium:deviceName: YHB6TOS4Q8W8PF9X, appium:deviceScreenDensity: 480, appium:deviceScreenSize: 1080x2340, appium:deviceUDID: YHB6TOS4Q8W8PF9X, appium:javascriptEnabled: true, appium:locationContextEnabled: false, appium:networkConnectionEnabled: true, appium:pixelRatio: 3, appium:platformVersion: 12, appium:statBarHeight: 84, appium:takesScreenshot: true, appium:udid: YHB6TOS4Q8W8PF9X, appium:viewportRect: {height: 2256, left: 0, top: 84, width: 1080}, appium:warnings: {}, appium:webStorageEnabled: false, platformName: ANDROID}
Session ID: a28c3f1d-c4bd-4644-ba26-b0747e75389f
	at org.openqa.selenium.remote.ErrorCodec.decode(ErrorCodec.java:167)
	at org.openqa.selenium.remote.codec.w3c.W3CHttpResponseCodec.decode(W3CHttpResponseCodec.java:138)
	at org.openqa.selenium.remote.codec.w3c.W3CHttpResponseCodec.decode(W3CHttpResponseCodec.java:50)
	at org.openqa.selenium.remote.HttpCommandExecutor.execute(HttpCommandExecutor.java:190)
	at io.appium.java_client.remote.AppiumCommandExecutor.execute(AppiumCommandExecutor.java:237)
	at org.openqa.selenium.remote.RemoteWebDriver.execute(RemoteWebDriver.java:518)
	at org.openqa.selenium.remote.ElementLocation$ElementFinder$2.findElement(ElementLocation.java:165)
	at org.openqa.selenium.remote.ElementLocation.findElement(ElementLocation.java:59)
	at org.openqa.selenium.remote.RemoteWebDriver.findElement(RemoteWebDriver.java:355)
	at org.openqa.selenium.remote.RemoteWebDriver.findElement(RemoteWebDriver.java:349)
	at testScripts.Countries_List_04.getCountriesList(Countries_List_04.java:28)
	at java.base/java.util.ArrayList.forEach(ArrayList.java:1596)
... Removed 28 stack frames</pre></div><a href='#' onClick='toggleBox("stack-trace1602785474", this, "Click to show all stack frames", "Click to hide stack frames")'>Click to show all stack frames</a>
<div class='stack-trace' id='stack-trace1602785474'><pre>org.openqa.selenium.NoSuchElementException: An element could not be located on the page using the given search parameters.
For documentation on this error, please visit: https://www.selenium.dev/documentation/webdriver/troubleshooting/errors#no-such-element-exception
Build info: version: &apos;4.21.0&apos;, revision: &apos;79ed462ef4&apos;
System info: os.name: &apos;Windows 11&apos;, os.arch: &apos;amd64&apos;, os.version: &apos;10.0&apos;, java.version: &apos;21.0.8&apos;
Driver info: io.appium.java_client.android.AndroidDriver
Command: [a28c3f1d-c4bd-4644-ba26-b0747e75389f, findElement {using=id, value=com.expandtesting.practice:id/btn_countries}]
Capabilities {appium:appActivity: com.expandtesting.practice...., appium:appPackage: com.expandtesting.practice, appium:automationName: UiAutomator2, appium:databaseEnabled: false, appium:desired: {appActivity: com.expandtesting.practice...., appPackage: com.expandtesting.practice, automationName: UiAutomator2, deviceName: vivo 1915, platformName: ANDROID, platformVersion: 12.0, udid: YHB6TOS4Q8W8PF9X}, appium:deviceApiLevel: 31, appium:deviceManufacturer: vivo, appium:deviceModel: vivo 1915, appium:deviceName: YHB6TOS4Q8W8PF9X, appium:deviceScreenDensity: 480, appium:deviceScreenSize: 1080x2340, appium:deviceUDID: YHB6TOS4Q8W8PF9X, appium:javascriptEnabled: true, appium:locationContextEnabled: false, appium:networkConnectionEnabled: true, appium:pixelRatio: 3, appium:platformVersion: 12, appium:statBarHeight: 84, appium:takesScreenshot: true, appium:udid: YHB6TOS4Q8W8PF9X, appium:viewportRect: {height: 2256, left: 0, top: 84, width: 1080}, appium:warnings: {}, appium:webStorageEnabled: false, platformName: ANDROID}
Session ID: a28c3f1d-c4bd-4644-ba26-b0747e75389f
	at java.base/jdk.internal.reflect.DirectConstructorHandleAccessor.newInstance(DirectConstructorHandleAccessor.java:62)
	at java.base/java.lang.reflect.Constructor.newInstanceWithCaller(Constructor.java:502)
	at java.base/java.lang.reflect.Constructor.newInstance(Constructor.java:486)
	at org.openqa.selenium.remote.ErrorCodec.decode(ErrorCodec.java:167)
	at org.openqa.selenium.remote.codec.w3c.W3CHttpResponseCodec.decode(W3CHttpResponseCodec.java:138)
	at org.openqa.selenium.remote.codec.w3c.W3CHttpResponseCodec.decode(W3CHttpResponseCodec.java:50)
	at org.openqa.selenium.remote.HttpCommandExecutor.execute(HttpCommandExecutor.java:190)
	at io.appium.java_client.remote.AppiumCommandExecutor.execute(AppiumCommandExecutor.java:237)
	at org.openqa.selenium.remote.RemoteWebDriver.execute(RemoteWebDriver.java:518)
	at org.openqa.selenium.remote.ElementLocation$ElementFinder$2.findElement(ElementLocation.java:165)
	at org.openqa.selenium.remote.ElementLocation.findElement(ElementLocation.java:59)
	at org.openqa.selenium.remote.RemoteWebDriver.findElement(RemoteWebDriver.java:355)
	at org.openqa.selenium.remote.RemoteWebDriver.findElement(RemoteWebDriver.java:349)
	at testScripts.Countries_List_04.getCountriesList(Countries_List_04.java:28)
	at java.base/jdk.internal.reflect.DirectMethodHandleAccessor.invoke(DirectMethodHandleAccessor.java:103)
	at java.base/java.lang.reflect.Method.invoke(Method.java:580)
	at org.testng.internal.invokers.MethodInvocationHelper.invokeMethod(MethodInvocationHelper.java:141)
	at org.testng.internal.invokers.TestInvoker.invokeMethod(TestInvoker.java:686)
	at org.testng.internal.invokers.TestInvoker.invokeTestMethod(TestInvoker.java:230)
	at org.testng.internal.invokers.MethodRunner.runInSequence(MethodRunner.java:63)
	at org.testng.internal.invokers.TestInvoker$MethodInvocationAgent.invoke(TestInvoker.java:992)
	at org.testng.internal.invokers.TestInvoker.invokeTestMethods(TestInvoker.java:203)
	at org.testng.internal.invokers.TestMethodWorker.invokeTestMethods(TestMethodWorker.java:154)
	at org.testng.internal.invokers.TestMethodWorker.run(TestMethodWorker.java:134)
	at java.base/java.util.ArrayList.forEach(ArrayList.java:1596)
	at org.testng.TestRunner.privateRun(TestRunner.java:739)
	at org.testng.TestRunner.run(TestRunner.java:614)
	at org.testng.SuiteRunner.runTest(SuiteRunner.java:421)
	at org.testng.SuiteRunner.runSequentially(SuiteRunner.java:413)
	at org.testng.SuiteRunner.privateRun(SuiteRunner.java:373)
	at org.testng.SuiteRunner.run(SuiteRunner.java:312)
	at org.testng.SuiteRunnerWorker.runSuite(SuiteRunnerWorker.java:52)
	at org.testng.SuiteRunnerWorker.run(SuiteRunnerWorker.java:95)
	at org.testng.TestNG.runSuitesSequentially(TestNG.java:1274)
	at org.testng.TestNG.runSuitesLocally(TestNG.java:1208)
	at org.testng.TestNG.runSuites(TestNG.java:1112)
	at org.testng.TestNG.run(TestNG.java:1079)
	at org.testng.remote.AbstractRemoteTestNG.run(AbstractRemoteTestNG.java:115)
	at org.testng.remote.RemoteTestNG.initAndRun(RemoteTestNG.java:293)
	at org.testng.remote.RemoteTestNG.main(RemoteTestNG.java:91)
</pre></div></td>
<td>10</td>
<td>testScripts.Countries_List_04@3b0090a4</td></tr>
<tr>
<td title='testScripts.Counter_01.verifyDecrementButton()'><b>verifyDecrementButton</b><br>Test class: testScripts.Counter_01<br>Test method: Verify counter value decreases on '-' button click</td>
<td><div><pre>java.lang.AssertionError: Counter value did not decrease. expected [true] but found [false]
	at testScripts.Counter_01.verifyDecrementButton(Counter_01.java:58)
	at java.base/java.util.ArrayList.forEach(ArrayList.java:1596)
... Removed 28 stack frames</pre></div><a href='#' onClick='toggleBox("stack-trace821405322", this, "Click to show all stack frames", "Click to hide stack frames")'>Click to show all stack frames</a>
<div class='stack-trace' id='stack-trace821405322'><pre>java.lang.AssertionError: Counter value did not decrease. expected [true] but found [false]
	at org.testng.Assert.fail(Assert.java:111)
	at org.testng.Assert.failNotEquals(Assert.java:1578)
	at org.testng.Assert.assertTrue(Assert.java:57)
	at testScripts.Counter_01.verifyDecrementButton(Counter_01.java:58)
	at java.base/jdk.internal.reflect.DirectMethodHandleAccessor.invoke(DirectMethodHandleAccessor.java:103)
	at java.base/java.lang.reflect.Method.invoke(Method.java:580)
	at org.testng.internal.invokers.MethodInvocationHelper.invokeMethod(MethodInvocationHelper.java:141)
	at org.testng.internal.invokers.TestInvoker.invokeMethod(TestInvoker.java:686)
	at org.testng.internal.invokers.TestInvoker.invokeTestMethod(TestInvoker.java:230)
	at org.testng.internal.invokers.MethodRunner.runInSequence(MethodRunner.java:63)
	at org.testng.internal.invokers.TestInvoker$MethodInvocationAgent.invoke(TestInvoker.java:992)
	at org.testng.internal.invokers.TestInvoker.invokeTestMethods(TestInvoker.java:203)
	at org.testng.internal.invokers.TestMethodWorker.invokeTestMethods(TestMethodWorker.java:154)
	at org.testng.internal.invokers.TestMethodWorker.run(TestMethodWorker.java:134)
	at java.base/java.util.ArrayList.forEach(ArrayList.java:1596)
	at org.testng.TestRunner.privateRun(TestRunner.java:739)
	at org.testng.TestRunner.run(TestRunner.java:614)
	at org.testng.SuiteRunner.runTest(SuiteRunner.java:421)
	at org.testng.SuiteRunner.runSequentially(SuiteRunner.java:413)
	at org.testng.SuiteRunner.privateRun(SuiteRunner.java:373)
	at org.testng.SuiteRunner.run(SuiteRunner.java:312)
	at org.testng.SuiteRunnerWorker.runSuite(SuiteRunnerWorker.java:52)
	at org.testng.SuiteRunnerWorker.run(SuiteRunnerWorker.java:95)
	at org.testng.TestNG.runSuitesSequentially(TestNG.java:1274)
	at org.testng.TestNG.runSuitesLocally(TestNG.java:1208)
	at org.testng.TestNG.runSuites(TestNG.java:1112)
	at org.testng.TestNG.run(TestNG.java:1079)
	at org.testng.remote.AbstractRemoteTestNG.run(AbstractRemoteTestNG.java:115)
	at org.testng.remote.RemoteTestNG.initAndRun(RemoteTestNG.java:293)
	at org.testng.remote.RemoteTestNG.main(RemoteTestNG.java:91)
</pre></div></td>
<td>1</td>
<td>testScripts.Counter_01@233795b6</td></tr>
</table><p>
<table width='100%' border='1' class='invocation-passed'>
<tr><td colspan='4' align='center'><b>PASSED TESTS</b></td></tr>
<tr><td><b>Test method</b></td>
<td><b>Attribute(s)</b></td>
<td width="30%"><b>Exception</b></td>
<td width="10%"><b>Time (seconds)</b></td>
<td><b>Instance</b></td>
</tr>
<tr>
<td title='testScripts.Language_03.Withoutsel_language()'><b>Withoutsel_language</b><br>Test class: testScripts.Language_03<br>Test method: Validate the header text in Language screen</td>
<td></td>
<td>1</td>
<td>testScripts.Language_03@1e800aaa</td></tr>
<tr>
<td title='testScripts.Scale_Image_07.CaptureImage()'><b>CaptureImage</b><br>Test class: testScripts.Scale_Image_07</td>
<td></td>
<td>0</td>
<td>testScripts.Scale_Image_07@6f03482</td></tr>
<tr>
<td title='testScripts.Scale_Image_07.Back()'><b>Back</b><br>Test class: testScripts.Scale_Image_07</td>
<td></td>
<td>0</td>
<td>testScripts.Scale_Image_07@6f03482</td></tr>
<tr>
<td title='testScripts.Counter_01.Back()'><b>Back</b><br>Test class: testScripts.Counter_01</td>
<td></td>
<td>11</td>
<td>testScripts.Counter_01@233795b6</td></tr>
<tr>
<td title='testScripts.Counter_01.verifyIncrementButton()'><b>verifyIncrementButton</b><br>Test class: testScripts.Counter_01<br>Test method: Verify counter value increases on '+' button click</td>
<td></td>
<td>1</td>
<td>testScripts.Counter_01@233795b6</td></tr>
<tr>
<td title='testScripts.Language_03.RadioBtn()'><b>RadioBtn</b><br>Test class: testScripts.Language_03<br>Test method: Validate the header text in Language screen</td>
<td></td>
<td>3</td>
<td>testScripts.Language_03@1e800aaa</td></tr>
<tr>
<td title='testScripts.WebView.verifyGoButtonWithoutURL()'><b>verifyGoButtonWithoutURL</b><br>Test class: testScripts.WebView<br>Test method: Verify clicking 'Go' without entering a URL displays an error message.</td>
<td></td>
<td>5</td>
<td>testScripts.WebView@179ece50</td></tr>
<tr>
<td title='testScripts.ECHO_Message.TestBoxValidation()'><b>TestBoxValidation</b><br>Test class: testScripts.ECHO_Message</td>
<td></td>
<td>5</td>
<td>testScripts.ECHO_Message@3eb738bb</td></tr>
<tr>
<td title='testScripts.Gesture_SDemo.dragAndDrop()'><b>dragAndDrop</b><br>Test class: testScripts.Gesture_SDemo<br>Test method: Verify drag and drop gesture between two elements.</td>
<td></td>
<td>2</td>
<td>testScripts.Gesture_SDemo@9d5509a</td></tr>
<tr>
<td title='testScripts.Language_03.Language_Count()'><b>Language_Count</b><br>Test class: testScripts.Language_03<br>Test method: Validate the header text in Language screen</td>
<td></td>
<td>0</td>
<td>testScripts.Language_03@1e800aaa</td></tr>
<tr>
<td title='testScripts.Alert.handleNativeAlert()'><b>handleNativeAlert</b><br>Test class: testScripts.Alert<br>Test method: Verify that native alert dialog is displayed and handled successfully</td>
<td></td>
<td>2</td>
<td>testScripts.Alert@185a6e9</td></tr>
<tr>
<td title='testScripts.Scale_Image_07.Image_Deduction()'><b>Image_Deduction</b><br>Test class: testScripts.Scale_Image_07</td>
<td></td>
<td>2</td>
<td>testScripts.Scale_Image_07@6f03482</td></tr>
<tr>
<td title='testScripts.Gesture_SDemo.singleTap()'><b>singleTap</b><br>Test class: testScripts.Gesture_SDemo<br>Test method: Verify single tap gesture and validate displayed message.</td>
<td></td>
<td>3</td>
<td>testScripts.Gesture_SDemo@9d5509a</td></tr>
<tr>
<td title='testScripts.ECHO_Message.echo_Message_btn()'><b>echo_Message_btn</b><br>Test class: testScripts.ECHO_Message</td>
<td></td>
<td>2</td>
<td>testScripts.ECHO_Message@3eb738bb</td></tr>
<tr>
<td title='testScripts.Language_03.choose_Lag_C_CPlus()'><b>choose_Lag_C_CPlus</b><br>Test class: testScripts.Language_03<br>Test method: Validate the header text in Language screen</td>
<td></td>
<td>2</td>
<td>testScripts.Language_03@1e800aaa</td></tr>
<tr>
<td title='testScripts.Gesture_SDemo.navigateBack()'><b>navigateBack</b><br>Test class: testScripts.Gesture_SDemo<br>Test method: Navigate back to the previous screen using app or device back button.</td>
<td></td>
<td>0</td>
<td>testScripts.Gesture_SDemo@9d5509a</td></tr>
<tr>
<td title='testScripts.Language_03.choose_Lag_CSharp()'><b>choose_Lag_CSharp</b><br>Test class: testScripts.Language_03<br>Test method: Validate the header text in Language screen</td>
<td></td>
<td>2</td>
<td>testScripts.Language_03@1e800aaa</td></tr>
<tr>
<td title='testScripts.Language_03.choose_Lag_C_JavaScript()'><b>choose_Lag_C_JavaScript</b><br>Test class: testScripts.Language_03<br>Test method: Validate the header text in Language screen</td>
<td></td>
<td>2</td>
<td>testScripts.Language_03@1e800aaa</td></tr>
<tr>
<td title='testScripts.Language_03.Back()'><b>Back</b><br>Test class: testScripts.Language_03<br>Test method: Validate the header text in Language screen</td>
<td></td>
<td>10</td>
<td>testScripts.Language_03@1e800aaa</td></tr>
<tr>
<td title='testScripts.WebView.navigateBack()'><b>navigateBack</b><br>Test class: testScripts.WebView<br>Test method: Navigate back to the previous screen.</td>
<td></td>
<td>0</td>
<td>testScripts.WebView@179ece50</td></tr>
<tr>
<td title='testScripts.Counter_01.verifyCounterButtonClickable()'><b>verifyCounterButtonClickable</b><br>Test class: testScripts.Counter_01<br>Test method: Verify Counter button is clickable</td>
<td></td>
<td>0</td>
<td>testScripts.Counter_01@233795b6</td></tr>
<tr>
<td title='testScripts.Gesture_SDemo.Back()'><b>Back</b><br>Test class: testScripts.Gesture_SDemo</td>
<td></td>
<td>11</td>
<td>testScripts.Gesture_SDemo@9d5509a</td></tr>
<tr>
<td title='testScripts.WebView.verifyClearButtonWithoutURL()'><b>verifyClearButtonWithoutURL</b><br>Test class: testScripts.WebView<br>Test method: Verify clicking 'Clear' without entering a URL displays an error message.</td>
<td></td>
<td>3</td>
<td>testScripts.WebView@179ece50</td></tr>
<tr>
<td title='testScripts.WebView.verifyWebNavigationFlow()'><b>verifyWebNavigationFlow</b><br>Test class: testScripts.WebView<br>Test method: Verify entering a valid URL and navigating to the page.</td>
<td></td>
<td>8</td>
<td>testScripts.WebView@179ece50</td></tr>
<tr>
<td title='testScripts.Language_03.choose_Lag_Java()'><b>choose_Lag_Java</b><br>Test class: testScripts.Language_03<br>Test method: Validate the header text in Language screen</td>
<td></td>
<td>2</td>
<td>testScripts.Language_03@1e800aaa</td></tr>
<tr>
<td title='testScripts.Counter_01.verifyResetButton()'><b>verifyResetButton</b><br>Test class: testScripts.Counter_01<br>Test method: Verify counter value resets to zero on reset button click</td>
<td></td>
<td>0</td>
<td>testScripts.Counter_01@233795b6</td></tr>
<tr>
<td title='testScripts.ECHO_Message.Back()'><b>Back</b><br>Test class: testScripts.ECHO_Message</td>
<td></td>
<td>0</td>
<td>testScripts.ECHO_Message@3eb738bb</td></tr>
<tr>
<td title='testScripts.Gesture_SDemo.longTap()'><b>longTap</b><br>Test class: testScripts.Gesture_SDemo<br>Test method: Verify long press gesture and validate the output text.</td>
<td></td>
<td>2</td>
<td>testScripts.Gesture_SDemo@9d5509a</td></tr>
<tr>
<td title='testScripts.Gesture_SDemo.doubleTap()'><b>doubleTap</b><br>Test class: testScripts.Gesture_SDemo<br>Test method: Verify double tap gesture and validate displayed message.</td>
<td></td>
<td>1</td>
<td>testScripts.Gesture_SDemo@9d5509a</td></tr>
</table><p>
</body>
</html>